0 info it worked if it ends with ok
1 verbose cli [ '/usr/local/Cellar/node/6.2.1/bin/node',
1 verbose cli   '/usr/local/bin/npm',
1 verbose cli   'run',
1 verbose cli   'deploy' ]
2 info using npm@3.9.3
3 info using node@v6.2.1
4 verbose run-script [ 'predeploy', 'deploy', 'postdeploy' ]
5 info lifecycle austin-tiy-build-tool@1.0.0~predeploy: austin-tiy-build-tool@1.0.0
6 silly lifecycle austin-tiy-build-tool@1.0.0~predeploy: no script for predeploy, continuing
7 info lifecycle austin-tiy-build-tool@1.0.0~deploy: austin-tiy-build-tool@1.0.0
8 verbose lifecycle austin-tiy-build-tool@1.0.0~deploy: unsafe-perm in lifecycle true
9 verbose lifecycle austin-tiy-build-tool@1.0.0~deploy: PATH: /usr/local/lib/node_modules/npm/bin/node-gyp-bin:/Users/shannonriester/Desktop/tiy/Portfolio/node_modules/.bin:/usr/local/Cellar/node/6.2.1/bin:/Library/Frameworks/Python.framework/Versions/Current/bin:/Users/shannonriester/.rvm/gems/ruby-2.2.1/bin:/Users/shannonriester/.rvm/gems/ruby-2.2.1@global/bin:/Users/shannonriester/.rvm/rubies/ruby-2.2.1/bin:/usr/local/bin:/usr/bin:/bin:/usr/sbin:/sbin:/Users/shannonriester/.rvm/bin
10 verbose lifecycle austin-tiy-build-tool@1.0.0~deploy: CWD: /Users/shannonriester/Desktop/tiy/Portfolio
11 silly lifecycle austin-tiy-build-tool@1.0.0~deploy: Args: [ '-c', 'git subtree push --prefix dist origin gh-pages' ]
12 silly lifecycle austin-tiy-build-tool@1.0.0~deploy: Returned: code: 128  signal: null
13 info lifecycle austin-tiy-build-tool@1.0.0~deploy: Failed to exec deploy script
14 verbose stack Error: austin-tiy-build-tool@1.0.0 deploy: `git subtree push --prefix dist origin gh-pages`
14 verbose stack Exit status 128
14 verbose stack     at EventEmitter.<anonymous> (/usr/local/lib/node_modules/npm/lib/utils/lifecycle.js:245:16)
14 verbose stack     at emitTwo (events.js:106:13)
14 verbose stack     at EventEmitter.emit (events.js:191:7)
14 verbose stack     at ChildProcess.<anonymous> (/usr/local/lib/node_modules/npm/lib/utils/spawn.js:24:14)
14 verbose stack     at emitTwo (events.js:106:13)
14 verbose stack     at ChildProcess.emit (events.js:191:7)
14 verbose stack     at maybeClose (internal/child_process.js:852:16)
14 verbose stack     at Process.ChildProcess._handle.onexit (internal/child_process.js:215:5)
15 verbose pkgid austin-tiy-build-tool@1.0.0
16 verbose cwd /Users/shannonriester/Desktop/tiy/Portfolio/dist
17 error Darwin 15.6.0
18 error argv "/usr/local/Cellar/node/6.2.1/bin/node" "/usr/local/bin/npm" "run" "deploy"
19 error node v6.2.1
20 error npm  v3.9.3
21 error code ELIFECYCLE
22 error austin-tiy-build-tool@1.0.0 deploy: `git subtree push --prefix dist origin gh-pages`
22 error Exit status 128
23 error Failed at the austin-tiy-build-tool@1.0.0 deploy script 'git subtree push --prefix dist origin gh-pages'.
23 error Make sure you have the latest version of node.js and npm installed.
23 error If you do, this is most likely a problem with the austin-tiy-build-tool package,
23 error not with npm itself.
23 error Tell the author that this fails on your system:
23 error     git subtree push --prefix dist origin gh-pages
23 error You can get information on how to open an issue for this project with:
23 error     npm bugs austin-tiy-build-tool
23 error Or if that isn't available, you can get their info via:
23 error     npm owner ls austin-tiy-build-tool
23 error There is likely additional logging output above.
24 verbose exit [ 1, true ]
